Run Cluster
Started
Latent representations ready

Cluster  2
              K-means results      Spectral clustering results       Spectral disc results
ARI:          -0.00088                    0.00009                  0.00014
Rand:         0.28185                    0.08322                    0.08739
FM:           0.24689                    0.28453                    0.28390
Completeness: 0.03620                    0.35544                    0.30131
Homogeneity:  0.00574                    0.00133                    0.00289
V measure:    0.00991                    0.00264                    0.00572
Silhouette:   0.77522                    0.13453                    0.22731
CH Score:     3270.07512                    0.53307                    1.28318

Cluster  3
              K-means results      Spectral clustering results       Spectral disc results
ARI:          -0.00102                    0.00019                  0.00026
Rand:         0.29265                    0.08538                    0.09161
FM:           0.24456                    0.28433                    0.28340
Completeness: 0.04937                    0.35664                    0.26324
Homogeneity:  0.00973                    0.00266                    0.00388
V measure:    0.01626                    0.00528                    0.00765
Silhouette:   0.70927                    0.08844                    0.17158
CH Score:     2091.50146                    1.23286                    1.25882

Cluster  4
              K-means results      Spectral clustering results       Spectral disc results
ARI:          0.01409                    0.00016                  0.00014
Rand:         0.60817                    0.09766                    0.08739
FM:           0.19096                    0.28219                    0.28390
Completeness: 0.06917                    0.22550                    0.36280
Homogeneity:  0.02988                    0.00555                    0.00381
V measure:    0.04173                    0.01083                    0.00755
Silhouette:   0.17322                    0.06687                    -0.10294
CH Score:     1613.40519                    1.05474                    1.11019

Cluster  5
              K-means results      Spectral clustering results       Spectral disc results
ARI:          0.01546                    0.00013                  0.00019
Rand:         0.61338                    0.09151                    0.09360
FM:           0.19113                    0.28319                    0.28294
Completeness: 0.08499                    0.31079                    0.22257
Homogeneity:  0.03831                    0.00558                    0.00423
V measure:    0.05281                    0.01097                    0.00830
Silhouette:   0.17437                    -0.28645                    0.00612
CH Score:     1349.60762                    1.28496                    1.12193

Cluster  6
              K-means results      Spectral clustering results       Spectral disc results
ARI:          0.01524                    0.00013                  0.00020
Rand:         0.63230                    0.08739                    0.09362
FM:           0.18510                    0.28389                    0.28294
Completeness: 0.08843                    0.34101                    0.27389
Homogeneity:  0.04350                    0.00381                    0.00557
V measure:    0.05831                    0.00754                    0.01092
Silhouette:   0.18148                    -0.02054                    0.03738
CH Score:     1145.64148                    0.90657                    0.67258

Cluster  7
              K-means results      Spectral clustering results       Spectral disc results
ARI:          0.01110                    -0.00004                  0.00019
Rand:         0.71432                    0.09341                    0.09767
FM:           0.15312                    0.28256                    0.28224
Completeness: 0.06744                    0.28246                    0.17654
Homogeneity:  0.04097                    0.00594                    0.00410
V measure:    0.05098                    0.01163                    0.00801
Silhouette:   0.10910                    -0.20735                    0.12186
CH Score:     1006.95038                    0.77166                    1.07957

Cluster  8
              K-means results      Spectral clustering results       Spectral disc results
ARI:          0.01140                    0.00030                  0.00020
Rand:         0.72515                    0.11205                    0.09771
FM:           0.14952                    0.27995                    0.28223
Completeness: 0.07244                    0.24334                    0.25666
Homogeneity:  0.04661                    0.01129                    0.00683
V measure:    0.05672                    0.02157                    0.01331
Silhouette:   0.12156                    0.05350                    -0.01294
CH Score:     919.58708                    3.60910                    0.73060

Cluster  9
              K-means results      Spectral clustering results       Spectral disc results
ARI:          0.01528                    0.00009                  0.00025
Rand:         0.77127                    0.12389                    0.12011
FM:           0.13562                    0.27752                    0.27845
Completeness: 0.07220                    0.22095                    0.25772
Homogeneity:  0.05296                    0.01344                    0.01568
V measure:    0.06110                    0.02534                    0.02956
Silhouette:   0.12466                    -0.09149                    -0.32780
CH Score:     832.86684                    2.25576                    4.14222

Cluster  10
              K-means results      Spectral clustering results       Spectral disc results
ARI:          0.01450                    0.00011                  0.00023
Rand:         0.77811                    0.12395                    0.12001
FM:           0.13190                    0.27754                    0.27844
Completeness: 0.07266                    0.22882                    0.18935
Homogeneity:  0.05485                    0.01465                    0.01033
V measure:    0.06251                    0.02754                    0.01960
Silhouette:   0.11877                    -0.09383                    -0.17259
CH Score:     762.88668                    2.83644                    3.13656

Cluster  11
              K-means results      Spectral clustering results       Spectral disc results
ARI:          0.01771                    0.00028                  0.00014
Rand:         0.80317                    0.11807                    0.09971
FM:           0.12396                    0.27886                    0.28180
Completeness: 0.07563                    0.22531                    0.26942
Homogeneity:  0.06204                    0.01232                    0.00824
V measure:    0.06817                    0.02336                    0.01600
Silhouette:   0.11330                    -0.27343                    -0.10273
CH Score:     702.83541                    2.93002                    0.61733

Cluster  12
              K-means results      Spectral clustering results       Spectral disc results
ARI:          0.01603                    0.00139                  0.00034
Rand:         0.81489                    0.15454                    0.12817
FM:           0.11659                    0.27433                    0.27720
Completeness: 0.07808                    0.20677                    0.22371
Homogeneity:  0.06764                    0.01931                    0.01537
V measure:    0.07249                    0.03533                    0.02876
Silhouette:   0.10974                    -0.19205                    -0.15162
CH Score:     650.54951                    3.34335                    2.72131

Cluster  13
              K-means results      Spectral clustering results       Spectral disc results
ARI:          0.02983                    0.00024                  0.00033
Rand:         0.82462                    0.12408                    0.12820
FM:           0.12567                    0.27775                    0.27718
Completeness: 0.09630                    0.23161                    0.24257
Homogeneity:  0.08595                    0.01490                    0.01716
V measure:    0.09083                    0.02799                    0.03205
Silhouette:   0.09209                    -0.36597                    -0.22896
CH Score:     603.20118                    3.71119                    4.04803

Cluster  14
              K-means results      Spectral clustering results       Spectral disc results
ARI:          0.01526                    0.00048                  0.00013
Rand:         0.83497                    0.12217                    0.13377
FM:           0.10548                    0.27850                    0.27586
Completeness: 0.08537                    0.19131                    0.13588
Homogeneity:  0.08019                    0.01064                    0.00913
V measure:    0.08270                    0.02016                    0.01711
Silhouette:   0.09302                    -0.29147                    -0.06170
CH Score:     567.69395                    5.79422                    1.86009
Finished cluster for  MAE
