lr: 0.1, hidden_dim: 1024

Start classification fine-tuning
Epoch: 4 	 Train Loss: 0.095122	 Test Loss: 0.089855
Epoch: 9 	 Train Loss: 0.086694	 Test Loss: 0.089697
Epoch: 14 	 Train Loss: 0.084632	 Test Loss: 0.085735
Epoch: 19 	 Train Loss: 0.082974	 Test Loss: 0.084723
Epoch: 24 	 Train Loss: 0.082954	 Test Loss: 0.084711
Epoch: 29 	 Train Loss: 0.082954	 Test Loss: 0.084710
Epoch: 34 	 Train Loss: 0.082954	 Test Loss: 0.084710
Epoch: 39 	 Train Loss: 0.082954	 Test Loss: 0.084710
Finished training
Best test loss: 0.084710 at epoch: 29
Start evaluation

Evaluation of fine-tuned VideoAutoencoder model

Confusion matrix
['1', '2', '3', '4', '5', '6', '7', '8', '9', '10', '11', '12', '13', '14']
1 [  0 300   0   0   0   0   0   0   0   0   0   0   0   0]
2 [  0 300   0   0   0   0   0   0   0   0   0   0   0   0]
3 [  0 300   0   0   0   0   0   0   0   0   0   0   0   0]
4 [  0 300   0   0   0   0   0   0   0   0   0   0   0   0]
5 [  0 160   0   0   0   0   0   0   0   0   0   0   0   0]
6 [  0 300   0   0   0   0   0   0   0   0   0   0   0   0]
7 [ 0 72  0  0  0  0  0  0  0  0  0  0  0  0]
8 [  0 300   0   0   0   0   0   0   0   0   0   0   0   0]
9 [ 0 60  0  0  0  0  0  0  0  0  0  0  0  0]
10 [  0 300   0   0   0   0   0   0   0   0   0   0   0   0]
11 [  0 300   0   0   0   0   0   0   0   0   0   0   0   0]
12 [  0 212   0   0   0   0   0   0   0   0   0   0   0   0]
13 [  0 108   0   0   0   0   0   0   0   0   0   0   0   0]
14 [  0 228   0   0   0   0   0   0   0   0   0   0   0   0]
F1 Score: 0.015693659761456372
