Started: VideAE_full_augmented, Augmented run
Using device: cuda
Model: VideoAutoencoder
Number of parameters in model:  178716265
torch.cuda.memory_allocated: 0.671203GB
torch.cuda.memory_reserved: 0.695312GB
torch.cuda.max_memory_reserved: 0.695312GB
Start training
Time taken: 1015.79 seconds
Epoch: 9 	 Train Loss: 55743.962973	 Test Loss: 54361.279707
Time taken: 1994.58 seconds
Epoch: 19 	 Train Loss: 46942.397276	 Test Loss: 47302.474961
Time taken: 2970.59 seconds
Epoch: 29 	 Train Loss: 44673.637753	 Test Loss: 45044.514660
Time taken: 3946.39 seconds
Epoch: 39 	 Train Loss: 43175.377830	 Test Loss: 45796.522955
Time taken: 4922.16 seconds
Epoch: 49 	 Train Loss: 42046.480321	 Test Loss: 44961.260880
Time taken: 5895.13 seconds
Epoch: 59 	 Train Loss: 40823.554275	 Test Loss: 42775.456404
Time taken: 6869.94 seconds
Epoch: 69 	 Train Loss: 41120.020378	 Test Loss: 43598.900309
Time taken: 7839.73 seconds
Epoch: 79 	 Train Loss: 40175.859816	 Test Loss: 43294.949460
Time taken: 8807.70 seconds
Epoch: 89 	 Train Loss: 40493.155135	 Test Loss: 44309.936111
Time taken: 9823.10 seconds
Epoch: 99 	 Train Loss: 40666.141549	 Test Loss: 43866.661613
Time taken: 10819.61 seconds
Epoch: 109 	 Train Loss: 40669.714971	 Test Loss: 44825.206867
Time taken: 11791.95 seconds
Epoch: 119 	 Train Loss: 40479.899241	 Test Loss: 42221.376389
Time taken: 12761.22 seconds
Epoch: 129 	 Train Loss: 40605.064231	 Test Loss: 44349.757755
Time taken: 13728.66 seconds
Epoch: 139 	 Train Loss: 40324.570059	 Test Loss: 43129.307909
Time taken: 14694.26 seconds
Epoch: 149 	 Train Loss: 40333.051478	 Test Loss: 43823.024884
Finished training
Time taken: 14694.26 seconds
Best test loss: 41216.656211 at epoch: 93
Video loss: 153313.58140432098, at epoch: 93
Timeseries MAPE: 0.000000
Video MAPE: 5.245791
Traceback (most recent call last):
  File "run_MVAE_augmented.py", line 505, in <module>
    
TypeError: run_cluster() got an unexpected keyword argument 'split_size'
