Started
Feature:  /driver/blink/data
error rate:  [   0.7992    0.924     0.468     0.54      0.6015    0.824     0.6842
    0.86      0.8542    0.7912    0.8306    0.88      0.8068    0.8723
    0.7654 -191.0203]
accuracy:  [ 0.00000e+00  0.00000e+00  4.48000e-01  0.00000e+00  0.00000e+00
  0.00000e+00  0.00000e+00  0.00000e+00  0.00000e+00  0.00000e+00
  0.00000e+00  0.00000e+00  0.00000e+00  0.00000e+00  4.17000e-02
 -1.91744e+02]
false positive:  [ 0.000000e+00  0.000000e+00  8.216000e+00  0.000000e+00  0.000000e+00
  0.000000e+00  0.000000e+00  0.000000e+00  0.000000e+00  4.000000e-03
  0.000000e+00  0.000000e+00  0.000000e+00  0.000000e+00  7.654000e-01
 -1.910203e+02]
Feature:  /driver/eye_open/data
error rate:  [   0.6225    0.688     0.78      0.276     0.3233    0.58      0.5789
    0.704     0.8125    0.4297    0.6331    0.7886    0.625     0.7713
    0.6067 -191.179 ]
accuracy:  [ 1.200000e-02  2.800000e-02  0.000000e+00  4.000000e-03  0.000000e+00
  1.600000e-02  0.000000e+00  1.600000e-02  2.080000e-02  1.566000e-01
  2.420000e-02  0.000000e+00  1.140000e-02  3.190000e-02  2.680000e-02
 -1.917589e+02]
false positive:  [ 9.64000e-02  1.04000e-01  3.88000e+00  4.00000e-03  3.76000e-02
  1.68000e-01  1.05300e-01  9.60000e-02  1.87500e-01  1.69880e+00
  1.16900e-01  9.71000e-02  1.81800e-01  1.96800e-01  6.06700e-01
 -1.91179e+02]
Feature:  /driver/eye_opening_rate/data
error rate:  [   0.6104    0.68      0.768     0.244     0.3233    0.524     0.5614
    0.692     0.8333    0.5502    0.6331    0.7657    0.6364    0.7606
    0.6037 -191.182 ]
accuracy:  [ 2.410000e-02  3.600000e-02  1.200000e-02  3.600000e-02  0.000000e+00
  7.200000e-02  1.750000e-02  2.800000e-02  0.000000e+00  3.610000e-02
  2.420000e-02  2.290000e-02  0.000000e+00  4.260000e-02  2.980000e-02
 -1.917559e+02]
false positive:  [ 2.12900e-01  1.92000e-01  3.91600e+00  5.48000e-01  2.48100e-01
  4.20000e-01  1.05300e-01  1.20000e-01  2.29200e-01  2.97200e-01
  2.41900e-01  2.17100e-01  1.02300e-01  2.02100e-01  6.03700e-01
 -1.91182e+02]
Feature:  /driver/face_pitch/data
error rate:  [   0.743     0.896     0.86      0.504     0.6165    0.76      0.7018
    0.848     0.8333    0.7068    0.7742    0.8514    0.8182    0.8191
    0.7661 -191.0196]
accuracy:  [ 7.230000e-02  4.400000e-02  6.000000e-02  3.600000e-02  0.000000e+00
  6.800000e-02  0.000000e+00  2.000000e-02  2.080000e-02  9.240000e-02
  6.850000e-02  2.860000e-02  0.000000e+00  5.320000e-02  4.880000e-02
 -1.917369e+02]
false positive:  [   0.5703    0.38      4.356     0.244     0.2406    0.364     0.2807
    0.284     0.2292    0.4378    0.6613    0.3657    0.5114    0.3564
    0.7661 -191.0196]
Feature:  /driver/face_roll/data
error rate:  [   0.7631    0.888     0.86      0.508     0.6015    0.784     0.7018
    0.812     0.8125    0.755     0.7863    0.8629    0.7727    0.8245
    0.7706 -191.0151]
accuracy:  [ 5.220000e-02  5.200000e-02  6.000000e-02  3.200000e-02  1.500000e-02
  4.400000e-02  0.000000e+00  5.600000e-02  4.170000e-02  4.420000e-02
  5.650000e-02  1.710000e-02  4.550000e-02  4.790000e-02  4.430000e-02
 -1.917414e+02]
false positive:  [   0.4779    0.456     4.408     0.276     0.2556    0.412     0.3509
    0.408     0.3542    0.3936    0.5605    0.3371    0.3295    0.3404
    0.7706 -191.0151]
Feature:  /driver/face_yaw/data
error rate:  [   0.751     0.904     0.864     0.456     0.594     0.716     0.7018
    0.796     0.8333    0.7349    0.7782    0.84      0.8068    0.7819
    0.7527 -191.033 ]
accuracy:  [ 6.430000e-02  3.600000e-02  5.600000e-02  8.400000e-02  2.260000e-02
  1.120000e-01  0.000000e+00  7.200000e-02  2.080000e-02  6.430000e-02
  6.450000e-02  4.000000e-02  1.140000e-02  9.040000e-02  6.220000e-02
 -1.917235e+02]
false positive:  [   0.4819    0.38      4.36      0.252     0.2932    0.34      0.3684
    0.404     0.5625    0.3735    0.5161    0.3086    0.5       0.3245
    0.7527 -191.033 ]
Feature:  /driver/gaze_horizontal/data
error rate:  [   0.6707    0.72      0.792     0.348     0.4436    0.612     0.5789
    0.72      0.8333    0.6024    0.7298    0.7771    0.6477    0.7926
    0.6592 -191.1265]
accuracy:  [ 3.210000e-02  4.000000e-02  2.800000e-02  8.000000e-02  7.500000e-03
  5.200000e-02  1.750000e-02  2.400000e-02  0.000000e+00  3.610000e-02
  2.420000e-02  2.290000e-02  0.000000e+00  2.660000e-02  3.350000e-02
 -1.917522e+02]
false positive:  [ 2.450000e-01  2.240000e-01  4.756000e+00  3.040000e-01  3.233000e-01
  2.880000e-01  2.807000e-01  1.360000e-01  1.667000e-01  1.928000e-01
  2.016000e-01  3.429000e-01  7.950000e-02  2.660000e-01  6.592000e-01
 -1.911265e+02]
Feature:  /driver/gaze_vertical/data
error rate:  [   0.6787    0.716     0.8       0.4       0.4361    0.628     0.5789
    0.716     0.8333    0.6064    0.7339    0.7886    0.6364    0.7926
    0.667  -191.1187]
accuracy:  [ 2.4100e-02  4.4000e-02  2.0000e-02  2.8000e-02  1.5000e-02  3.6000e-02
  1.7500e-02  2.8000e-02  0.0000e+00  3.2100e-02  2.0200e-02  1.1400e-02
  1.1400e-02  2.6600e-02  2.5700e-02 -1.9176e+02]
false positive:  [ 9.640000e-02  3.000000e-01  4.728000e+00  5.040000e-01  1.880000e-01
  2.600000e-01  2.807000e-01  1.760000e-01  2.917000e-01  2.691000e-01
  2.137000e-01  2.229000e-01  1.136000e-01  2.713000e-01  6.670000e-01
 -1.911187e+02]
Feature:  /gps_m2/distance/from_last_intersection/field_of_view
error rate:  [   0.9237    0.864     0.9       0.936     0.9624    0.916     0.9123
    0.928     1.        0.9237    0.9274    0.8914    0.8864    0.8191
    0.9095 -190.8762]
accuracy:  [   0.        0.        0.        0.        0.        0.        0.
    0.        0.        0.        0.        0.        0.        0.
    0.     -191.7857]
false positive:  [   0.        0.        9.768     0.        0.        0.        0.
    0.        0.        0.        0.        0.        0.        0.
    0.9095 -190.8762]
Feature:  /gps_m2/distance/from_last_intersection/max_range
error rate:  [   0.9237    0.864     0.9       0.936     0.9624    0.916     0.9123
    0.928     1.        0.9237    0.9274    0.8914    0.8864    0.8191
    0.9095 -190.8762]
accuracy:  [   0.        0.        0.        0.        0.        0.        0.
    0.        0.        0.        0.        0.        0.        0.
    0.     -191.7857]
false positive:  [   0.        0.        9.768     0.        0.        0.        0.
    0.        0.        0.        0.        0.        0.        0.
    0.9095 -190.8762]
Feature:  /gps_m2/distance/from_last_intersection/min_range
error rate:  [   0.9237    0.864     0.9       0.936     0.9624    0.916     0.9123
    0.928     1.        0.9237    0.9274    0.8914    0.8864    0.8191
    0.9095 -190.8762]
accuracy:  [   0.        0.        0.        0.        0.        0.        0.
    0.        0.        0.        0.        0.        0.        0.
    0.     -191.7857]
false positive:  [   0.        0.        9.768     0.        0.        0.        0.
    0.        0.        0.        0.        0.        0.        0.
    0.9095 -190.8762]
Feature:  /gps_m2/distance/from_last_intersection/radiation_type
error rate:  [   0.9237    0.864     0.9       0.936     0.9624    0.916     0.9123
    0.928     1.        0.9237    0.9274    0.8914    0.8864    0.8191
    0.9095 -190.8762]
accuracy:  [   0.        0.        0.        0.        0.        0.        0.
    0.        0.        0.        0.        0.        0.        0.
    0.     -191.7857]
false positive:  [   0.        0.        9.768     0.        0.        0.        0.
    0.        0.        0.        0.        0.        0.        0.
    0.9095 -190.8762]
Feature:  /gps_m2/distance/from_last_intersection/range
error rate:  [   0.9237    0.864     0.9       0.936     0.9624    0.916     0.9123
    0.928     1.        0.9237    0.9274    0.8914    0.8864    0.8191
    0.9095 -190.8762]
accuracy:  [   0.        0.        0.        0.        0.        0.        0.
    0.        0.        0.        0.        0.        0.        0.
    0.     -191.7857]
false positive:  [   0.        0.        9.768     0.        0.        0.        0.
    0.        0.        0.        0.        0.        0.        0.
    0.9095 -190.8762]
Feature:  /gps_m2/distance/to_next_intersection/field_of_view
error rate:  [   0.9237    0.864     0.9       0.936     0.9624    0.916     0.9123
    0.928     1.        0.9237    0.9274    0.8914    0.8864    0.8191
    0.9095 -190.8762]
accuracy:  [   0.        0.        0.        0.        0.        0.        0.
    0.        0.        0.        0.        0.        0.        0.
    0.     -191.7857]
false positive:  [   0.        0.        9.768     0.        0.        0.        0.
    0.        0.        0.        0.        0.        0.        0.
    0.9095 -190.8762]
Feature:  /gps_m2/distance/to_next_intersection/max_range
error rate:  [   0.9237    0.864     0.9       0.936     0.9624    0.916     0.9123
    0.928     1.        0.9237    0.9274    0.8914    0.8864    0.8191
    0.9095 -190.8762]
accuracy:  [   0.        0.        0.        0.        0.        0.        0.
    0.        0.        0.        0.        0.        0.        0.
    0.     -191.7857]
false positive:  [   0.        0.        9.768     0.        0.        0.        0.
    0.        0.        0.        0.        0.        0.        0.
    0.9095 -190.8762]
Feature:  /gps_m2/distance/to_next_intersection/min_range
error rate:  [   0.9237    0.864     0.9       0.936     0.9624    0.916     0.9123
    0.928     1.        0.9237    0.9274    0.8914    0.8864    0.8191
    0.9095 -190.8762]
accuracy:  [   0.        0.        0.        0.        0.        0.        0.
    0.        0.        0.        0.        0.        0.        0.
    0.     -191.7857]
false positive:  [   0.        0.        9.768     0.        0.        0.        0.
    0.        0.        0.        0.        0.        0.        0.
    0.9095 -190.8762]
Feature:  /gps_m2/distance/to_next_intersection/radiation_type
error rate:  [   0.9237    0.864     0.9       0.936     0.9624    0.916     0.9123
    0.928     1.        0.9237    0.9274    0.8914    0.8864    0.8191
    0.9095 -190.8762]
accuracy:  [   0.        0.        0.        0.        0.        0.        0.
    0.        0.        0.        0.        0.        0.        0.
    0.     -191.7857]
false positive:  [   0.        0.        9.768     0.        0.        0.        0.
    0.        0.        0.        0.        0.        0.        0.
    0.9095 -190.8762]
Feature:  /gps_m2/distance/to_next_intersection/range
error rate:  [   0.9237    0.864     0.9       0.936     0.9624    0.916     0.9123
    0.928     1.        0.9237    0.9274    0.8914    0.8864    0.8191
    0.9095 -190.8762]
accuracy:  [   0.        0.        0.        0.        0.        0.        0.
    0.        0.        0.        0.        0.        0.        0.
    0.     -191.7857]
false positive:  [   0.        0.        9.768     0.        0.        0.        0.
    0.        0.        0.        0.        0.        0.        0.
    0.9095 -190.8762]
Feature:  /gps_m2/link_id/data
error rate:  [   0.9237    0.864     0.9       0.936     0.9624    0.916     0.9123
    0.928     1.        0.9237    0.9274    0.8914    0.8864    0.8191
    0.9095 -190.8762]
accuracy:  [   0.        0.        0.        0.        0.        0.        0.
    0.        0.        0.        0.        0.        0.        0.
    0.     -191.7857]
false positive:  [   0.        0.        9.768     0.        0.        0.        0.
    0.        0.        0.        0.        0.        0.        0.
    0.9095 -190.8762]
Feature:  /gps_m2/road/curvature/data
error rate:  [   0.9237    0.864     0.9       0.936     0.9624    0.916     0.9123
    0.928     1.        0.9237    0.9274    0.8914    0.8864    0.8191
    0.9095 -190.8762]
accuracy:  [   0.        0.        0.        0.        0.        0.        0.
    0.        0.        0.        0.        0.        0.        0.
    0.     -191.7857]
false positive:  [   0.        0.        9.768     0.        0.        0.        0.
    0.        0.        0.        0.        0.        0.        0.
    0.9095 -190.8762]
Feature:  /gps_m2/road/intersection/data
error rate:  [   0.9237    0.864     0.9       0.936     0.9624    0.916     0.9123
    0.928     1.        0.9237    0.9274    0.8914    0.8864    0.8191
    0.9095 -190.8762]
accuracy:  [   0.        0.        0.        0.        0.        0.        0.
    0.        0.        0.        0.        0.        0.        0.
    0.     -191.7857]
false positive:  [   0.        0.        9.768     0.        0.        0.        0.
    0.        0.        0.        0.        0.        0.        0.
    0.9095 -190.8762]
Feature:  /gps_m2/road/lanes/data
error rate:  [   0.9237    0.864     0.9       0.936     0.9624    0.916     0.9123
    0.928     1.        0.9237    0.9274    0.8914    0.8864    0.8191
    0.9095 -190.8762]
accuracy:  [   0.        0.        0.        0.        0.        0.        0.
    0.        0.        0.        0.        0.        0.        0.
    0.     -191.7857]
false positive:  [   0.        0.        9.768     0.        0.        0.        0.
    0.        0.        0.        0.        0.        0.        0.
    0.9095 -190.8762]
Feature:  /gps_m2/road/traffic_light/data
error rate:  [   0.9237    0.864     0.9       0.936     0.9624    0.916     0.9123
    0.928     1.        0.9237    0.9274    0.8914    0.8864    0.8191
    0.9095 -190.8762]
accuracy:  [   0.        0.        0.        0.        0.        0.        0.
    0.        0.        0.        0.        0.        0.        0.
    0.     -191.7857]
false positive:  [   0.        0.        9.768     0.        0.        0.        0.
    0.        0.        0.        0.        0.        0.        0.
    0.9095 -190.8762]
Feature:  /gps_m2/road/type/data
error rate:  [   0.9237    0.864     0.9       0.936     0.9624    0.916     0.9123
    0.928     1.        0.9237    0.9274    0.8914    0.8864    0.8191
    0.9095 -190.8762]
accuracy:  [   0.        0.        0.        0.        0.        0.        0.
    0.        0.        0.        0.        0.        0.        0.
    0.     -191.7857]
false positive:  [   0.        0.        9.768     0.        0.        0.        0.
    0.        0.        0.        0.        0.        0.        0.
    0.9095 -190.8762]
Feature:  /gps_m2/road/width/data
error rate:  [   0.9237    0.864     0.9       0.936     0.9624    0.916     0.9123
    0.928     1.        0.9237    0.9274    0.8914    0.8864    0.8191
    0.9095 -190.8762]
accuracy:  [   0.        0.        0.        0.        0.        0.        0.
    0.        0.        0.        0.        0.        0.        0.
    0.     -191.7857]
false positive:  [   0.        0.        9.768     0.        0.        0.        0.
    0.        0.        0.        0.        0.        0.        0.
    0.9095 -190.8762]
Feature:  /gps_m2/vehicle/acceleration/accel/linear/y
error rate:  [   0.9237    0.864     0.9       0.936     0.9624    0.916     0.9123
    0.928     1.        0.9237    0.9274    0.8914    0.8864    0.8191
    0.9095 -190.8762]
accuracy:  [   0.        0.        0.        0.        0.        0.        0.
    0.        0.        0.        0.        0.        0.        0.
    0.     -191.7857]
false positive:  [   0.        0.        9.768     0.        0.        0.        0.
    0.        0.        0.        0.        0.        0.        0.
    0.9095 -190.8762]
Feature:  /gps_m2/vehicle/acceleration/accel/linear/x
error rate:  [   0.9237    0.864     0.9       0.936     0.9624    0.916     0.9123
    0.928     1.        0.9237    0.9274    0.8914    0.8864    0.8191
    0.9095 -190.8762]
accuracy:  [   0.        0.        0.        0.        0.        0.        0.
    0.        0.        0.        0.        0.        0.        0.
    0.     -191.7857]
false positive:  [   0.        0.        9.768     0.        0.        0.        0.
    0.        0.        0.        0.        0.        0.        0.
    0.9095 -190.8762]
Feature:  /gps_m2/vehicle/acceleration/accel/linear/z
error rate:  [   0.9237    0.864     0.9       0.936     0.9624    0.916     0.9123
    0.928     1.        0.9237    0.9274    0.8914    0.8864    0.8191
    0.9095 -190.8762]
accuracy:  [   0.        0.        0.        0.        0.        0.        0.
    0.        0.        0.        0.        0.        0.        0.
    0.     -191.7857]
false positive:  [   0.        0.        9.768     0.        0.        0.        0.
    0.        0.        0.        0.        0.        0.        0.
    0.9095 -190.8762]
Feature:  /gps_m2/vehicle/acceleration/accel/angular/y
error rate:  [   0.9237    0.864     0.9       0.936     0.9624    0.916     0.9123
    0.928     1.        0.9237    0.9274    0.8914    0.8864    0.8191
    0.9095 -190.8762]
accuracy:  [   0.        0.        0.        0.        0.        0.        0.
    0.        0.        0.        0.        0.        0.        0.
    0.     -191.7857]
false positive:  [   0.        0.        9.768     0.        0.        0.        0.
    0.        0.        0.        0.        0.        0.        0.
    0.9095 -190.8762]
Feature:  /gps_m2/vehicle/acceleration/accel/angular/x
error rate:  [   0.9237    0.864     0.9       0.936     0.9624    0.916     0.9123
    0.928     1.        0.9237    0.9274    0.8914    0.8864    0.8191
    0.9095 -190.8762]
accuracy:  [   0.        0.        0.        0.        0.        0.        0.
    0.        0.        0.        0.        0.        0.        0.
    0.     -191.7857]
false positive:  [   0.        0.        9.768     0.        0.        0.        0.
    0.        0.        0.        0.        0.        0.        0.
    0.9095 -190.8762]
Feature:  /gps_m2/vehicle/acceleration/accel/angular/z
error rate:  [   0.9237    0.864     0.9       0.936     0.9624    0.916     0.9123
    0.928     1.        0.9237    0.9274    0.8914    0.8864    0.8191
    0.9095 -190.8762]
accuracy:  [   0.        0.        0.        0.        0.        0.        0.
    0.        0.        0.        0.        0.        0.        0.
    0.     -191.7857]
false positive:  [   0.        0.        9.768     0.        0.        0.        0.
    0.        0.        0.        0.        0.        0.        0.
    0.9095 -190.8762]
Feature:  /gps_m2/vehicle/back_state/data
error rate:  [   0.9237    0.864     0.9       0.936     0.9624    0.916     0.9123
    0.928     1.        0.9237    0.9274    0.8914    0.8864    0.8191
    0.9095 -190.8762]
accuracy:  [   0.        0.        0.        0.        0.        0.        0.
    0.        0.        0.        0.        0.        0.        0.
    0.     -191.7857]
false positive:  [   0.        0.        9.768     0.        0.        0.        0.
    0.        0.        0.        0.        0.        0.        0.
    0.9095 -190.8762]
Feature:  /gps_m2/vehicle/direction/data
error rate:  [   0.9237    0.864     0.9       0.936     0.9624    0.916     0.9123
    0.928     1.        0.9237    0.9274    0.8914    0.8864    0.8191
    0.9095 -190.8762]
accuracy:  [   0.        0.        0.        0.        0.        0.        0.
    0.        0.        0.        0.        0.        0.        0.
    0.     -191.7857]
false positive:  [   0.        0.        9.768     0.        0.        0.        0.
    0.        0.        0.        0.        0.        0.        0.
    0.9095 -190.8762]
Feature:  /gps_m2/vehicle/gnss/altitude
error rate:  [   0.9237    0.864     0.9       0.936     0.9624    0.916     0.9123
    0.928     1.        0.9237    0.9274    0.8914    0.8864    0.8191
    0.9095 -190.8762]
accuracy:  [   0.        0.        0.        0.        0.        0.        0.
    0.        0.        0.        0.        0.        0.        0.
    0.     -191.7857]
false positive:  [   0.        0.        9.768     0.        0.        0.        0.
    0.        0.        0.        0.        0.        0.        0.
    0.9095 -190.8762]
Feature:  /gps_m2/vehicle/gnss/latitude
error rate:  [   0.9237    0.864     0.9       0.936     0.9624    0.916     0.9123
    0.928     1.        0.9237    0.9274    0.8914    0.8864    0.8191
    0.9095 -190.8762]
accuracy:  [   0.        0.        0.        0.        0.        0.        0.
    0.        0.        0.        0.        0.        0.        0.
    0.     -191.7857]
false positive:  [   0.        0.        9.768     0.        0.        0.        0.
    0.        0.        0.        0.        0.        0.        0.
    0.9095 -190.8762]
Feature:  /gps_m2/vehicle/gnss/longitude
error rate:  [   0.9237    0.864     0.9       0.936     0.9624    0.916     0.9123
    0.928     1.        0.9237    0.9274    0.8914    0.8864    0.8191
    0.9095 -190.8762]
accuracy:  [   0.        0.        0.        0.        0.        0.        0.
    0.        0.        0.        0.        0.        0.        0.
    0.     -191.7857]
false positive:  [   0.        0.        9.768     0.        0.        0.        0.
    0.        0.        0.        0.        0.        0.        0.
    0.9095 -190.8762]
Feature:  /gps_m2/vehicle/gnss/position_covariance_type
error rate:  [   0.9237    0.864     0.9       0.936     0.9624    0.916     0.9123
    0.928     1.        0.9237    0.9274    0.8914    0.8864    0.8191
    0.9095 -190.8762]
accuracy:  [   0.        0.        0.        0.        0.        0.        0.
    0.        0.        0.        0.        0.        0.        0.
    0.     -191.7857]
false positive:  [   0.        0.        9.768     0.        0.        0.        0.
    0.        0.        0.        0.        0.        0.        0.
    0.9095 -190.8762]
Feature:  /gps_m2/vehicle/gnss_reliability/data
error rate:  [   0.9237    0.864     0.9       0.936     0.9624    0.916     0.9123
    0.928     1.        0.9237    0.9274    0.8914    0.8864    0.8191
    0.9095 -190.8762]
accuracy:  [   0.        0.        0.        0.        0.        0.        0.
    0.        0.        0.        0.        0.        0.        0.
    0.     -191.7857]
false positive:  [   0.        0.        9.768     0.        0.        0.        0.
    0.        0.        0.        0.        0.        0.        0.
    0.9095 -190.8762]
Feature:  /gps_m2/vehicle/movement/data
error rate:  [   0.9237    0.864     0.9       0.936     0.9624    0.916     0.9123
    0.928     1.        0.9237    0.9274    0.8914    0.8864    0.8191
    0.9095 -190.8762]
accuracy:  [   0.        0.        0.        0.        0.        0.        0.
    0.        0.        0.        0.        0.        0.        0.
    0.     -191.7857]
false positive:  [   0.        0.        9.768     0.        0.        0.        0.
    0.        0.        0.        0.        0.        0.        0.
    0.9095 -190.8762]
Feature:  /gps_m2/vehicle/pitch_angle/data
error rate:  [   0.9237    0.864     0.9       0.936     0.9624    0.916     0.9123
    0.928     1.        0.9237    0.9274    0.8914    0.8864    0.8191
    0.9095 -190.8762]
accuracy:  [   0.        0.        0.        0.        0.        0.        0.
    0.        0.        0.        0.        0.        0.        0.
    0.     -191.7857]
false positive:  [   0.        0.        9.768     0.        0.        0.        0.
    0.        0.        0.        0.        0.        0.        0.
    0.9095 -190.8762]
Feature:  /gps_m2/vehicle/speed/data
error rate:  [   0.9237    0.864     0.9       0.936     0.9624    0.916     0.9123
    0.928     1.        0.9237    0.9274    0.8914    0.8864    0.8191
    0.9095 -190.8762]
accuracy:  [   0.        0.        0.        0.        0.        0.        0.
    0.        0.        0.        0.        0.        0.        0.
    0.     -191.7857]
false positive:  [   0.        0.        9.768     0.        0.        0.        0.
    0.        0.        0.        0.        0.        0.        0.
    0.9095 -190.8762]
Feature:  /gps_m2/vehicle/turn_state/data
error rate:  [   0.9237    0.864     0.9       0.936     0.9624    0.916     0.9123
    0.928     1.        0.9237    0.9274    0.8914    0.8864    0.8191
    0.9095 -190.8762]
accuracy:  [   0.        0.        0.        0.        0.        0.        0.
    0.        0.        0.        0.        0.        0.        0.
    0.     -191.7857]
false positive:  [   0.        0.        9.768     0.        0.        0.        0.
    0.        0.        0.        0.        0.        0.        0.
    0.9095 -190.8762]
Feature:  /gps_m2/vehicle/yaw_rate/data
error rate:  [   0.9237    0.864     0.9       0.936     0.9624    0.916     0.9123
    0.928     1.        0.9237    0.9274    0.8914    0.8864    0.8191
    0.9095 -190.8762]
accuracy:  [   0.        0.        0.        0.        0.        0.        0.
    0.        0.        0.        0.        0.        0.        0.
    0.     -191.7857]
false positive:  [   0.        0.        9.768     0.        0.        0.        0.
    0.        0.        0.        0.        0.        0.        0.
    0.9095 -190.8762]
Feature:  /vehicle/acceleration/accel/linear/y
error rate:  [   0.992     1.        0.992     0.996     1.        0.996     1.
    0.996     1.        1.        1.        0.9943    1.        1.
    0.997  -190.7887]
accuracy:  [   0.        0.        0.        0.        0.        0.        0.
    0.        0.        0.        0.        0.        0.        0.
    0.     -191.7857]
false positive:  [   0.        0.       10.708     0.        0.        0.        0.
    0.        0.        0.        0.        0.        0.        0.
    0.997  -190.7887]
Feature:  /vehicle/acceleration/accel/linear/x
error rate:  [   0.992     1.        0.992     0.996     1.        0.996     1.
    0.996     1.        1.        1.        0.9943    1.        1.
    0.997  -190.7887]
accuracy:  [   0.        0.        0.        0.        0.        0.        0.
    0.        0.        0.        0.        0.        0.        0.
    0.     -191.7857]
false positive:  [   0.        0.       10.708     0.        0.        0.        0.
    0.        0.        0.        0.        0.        0.        0.
    0.997  -190.7887]
Feature:  /vehicle/acceleration/accel/linear/z
error rate:  [   0.992     1.        0.992     0.996     1.        0.996     1.
    0.996     1.        1.        1.        0.9943    1.        1.
    0.997  -190.7887]
accuracy:  [   0.        0.        0.        0.        0.        0.        0.
    0.        0.        0.        0.        0.        0.        0.
    0.     -191.7857]
false positive:  [   0.        0.       10.708     0.        0.        0.        0.
    0.        0.        0.        0.        0.        0.        0.
    0.997  -190.7887]
Feature:  /vehicle/acceleration/accel/angular/y
error rate:  [   0.992     1.        0.992     0.996     1.        0.996     1.
    0.996     1.        1.        1.        0.9943    1.        1.
    0.997  -190.7887]
accuracy:  [   0.        0.        0.        0.        0.        0.        0.
    0.        0.        0.        0.        0.        0.        0.
    0.     -191.7857]
false positive:  [   0.        0.       10.708     0.        0.        0.        0.
    0.        0.        0.        0.        0.        0.        0.
    0.997  -190.7887]
Feature:  /vehicle/acceleration/accel/angular/x
error rate:  [   0.992     1.        0.992     0.996     1.        0.996     1.
    0.996     1.        1.        1.        0.9943    1.        1.
    0.997  -190.7887]
accuracy:  [   0.        0.        0.        0.        0.        0.        0.
    0.        0.        0.        0.        0.        0.        0.
    0.     -191.7857]
false positive:  [   0.        0.       10.708     0.        0.        0.        0.
    0.        0.        0.        0.        0.        0.        0.
    0.997  -190.7887]
Feature:  /vehicle/acceleration/accel/angular/z
error rate:  [   0.992     1.        0.992     0.996     1.        0.996     1.
    0.996     1.        1.        1.        0.9943    1.        1.
    0.997  -190.7887]
accuracy:  [   0.        0.        0.        0.        0.        0.        0.
    0.        0.        0.        0.        0.        0.        0.
    0.     -191.7857]
false positive:  [   0.        0.       10.708     0.        0.        0.        0.
    0.        0.        0.        0.        0.        0.        0.
    0.997  -190.7887]
Feature:  /vehicle/analog/back_signal/data
error rate:  [   1.        1.        1.        0.996     1.        1.        1.
    0.996     1.        1.        1.        1.        1.        1.
    0.9993 -190.7864]
accuracy:  [   0.        0.        0.        0.        0.        0.        0.
    0.        0.        0.        0.        0.        0.        0.
    0.     -191.7857]
false positive:  [   0.        0.       10.732     0.        0.        0.        0.
    0.        0.        0.        0.        0.        0.        0.
    0.9993 -190.7864]
Feature:  /vehicle/analog/brake_signal/data
error rate:  [   1.        1.        1.        0.996     1.        1.        1.
    0.996     1.        1.        1.        1.        1.        1.
    0.9993 -190.7864]
accuracy:  [   0.        0.        0.        0.        0.        0.        0.
    0.        0.        0.        0.        0.        0.        0.
    0.     -191.7857]
false positive:  [ 0.000000e+00  0.000000e+00  1.070800e+01  4.000000e-03  0.000000e+00
  0.000000e+00  1.750000e-02  0.000000e+00  0.000000e+00  8.000000e-03
  4.000000e-03  0.000000e+00  0.000000e+00  5.300000e-03  9.993000e-01
 -1.907864e+02]
Feature:  /vehicle/analog/speed_pulse/data
error rate:  [   1.        1.        1.        0.992     1.        1.        1.
    0.996     1.        0.996     1.        1.        1.        1.
    0.9985 -190.7872]
accuracy:  [ 0.00000e+00  0.00000e+00  0.00000e+00  4.00000e-03  0.00000e+00
  0.00000e+00  0.00000e+00  0.00000e+00  0.00000e+00  4.00000e-03
  0.00000e+00  0.00000e+00  0.00000e+00  0.00000e+00  7.00000e-04
 -1.91785e+02]
false positive:  [ 0.000000e+00  0.000000e+00  1.070400e+01  0.000000e+00  0.000000e+00
  8.000000e-03  0.000000e+00  4.000000e-03  0.000000e+00  8.000000e-03
  0.000000e+00  0.000000e+00  0.000000e+00  0.000000e+00  9.985000e-01
 -1.907872e+02]
Feature:  /vehicle/analog/turn_signal/data
error rate:  [   1.        1.        1.        0.996     1.        1.        1.
    0.996     1.        1.        1.        1.        1.        1.
    0.9993 -190.7864]
accuracy:  [   0.        0.        0.        0.        0.        0.        0.
    0.        0.        0.        0.        0.        0.        0.
    0.     -191.7857]
false positive:  [ 0.000000e+00  4.000000e-03  1.072000e+01  0.000000e+00  0.000000e+00
  4.000000e-03  0.000000e+00  0.000000e+00  0.000000e+00  4.000000e-03
  0.000000e+00  0.000000e+00  0.000000e+00  0.000000e+00  9.993000e-01
 -1.907864e+02]
Feature:  /vehicle/extracted_can/brake_pedal_hydraulic/data
error rate:  [   0.755     0.948     0.34      0.84      0.9173    0.832     0.9474
    0.972     0.9583    0.8313    0.7581    0.9714    0.8977    0.7447
    0.8108 -190.9749]
accuracy:  [ 2.410000e-01  4.400000e-02  6.600000e-01  1.520000e-01  7.520000e-02
  1.640000e-01  0.000000e+00  1.200000e-02  0.000000e+00  1.647000e-01
  2.298000e-01  2.860000e-02  9.090000e-02  2.500000e-01  1.810000e-01
 -1.916047e+02]
false positive:  [ 7.470000e-01  4.000000e-01  3.536000e+00  6.320000e-01  6.391000e-01
  7.720000e-01  7.895000e-01  8.800000e-02  4.170000e-02  6.586000e-01
  6.008000e-01  4.971000e-01  4.545000e-01  3.298000e-01  8.108000e-01
 -1.909749e+02]
Feature:  /vehicle/extracted_can/gas_pedal_position/data
error rate:  [   0.249     0.76      0.824     0.788     0.8947    0.792     0.9298
    0.66      0.9375    0.8795    0.9476    0.8857    0.8977    0.8617
    0.7765 -191.0092]
accuracy:  [ 6.988000e-01  1.480000e-01  1.200000e-01  1.720000e-01  8.270000e-02
  1.040000e-01  1.750000e-02  2.240000e-01  2.080000e-02  8.000000e-03
  0.000000e+00  6.290000e-02  2.270000e-02  1.170000e-01  1.549000e-01
 -1.916308e+02]
false positive:  [ 2.449800e+00  5.400000e-01  2.300000e+00  5.320000e-01  5.188000e-01
  3.480000e-01  2.632000e-01  5.360000e-01  6.458000e-01  1.767000e-01
  5.650000e-02  4.286000e-01  5.568000e-01  6.064000e-01  7.765000e-01
 -1.910092e+02]
Feature:  /vehicle/extracted_can/headlight_state/data
error rate:  [   0.996     0.992     0.996     0.992     0.9925    0.984     0.9474
    0.984     0.9583    0.996     0.9879    1.        0.9886    0.9947
    0.9903 -190.7954]
accuracy:  [ 0.000000e+00  0.000000e+00  4.000000e-03  0.000000e+00  0.000000e+00
  1.200000e-02  0.000000e+00  0.000000e+00  0.000000e+00  0.000000e+00
  0.000000e+00  0.000000e+00  0.000000e+00  0.000000e+00  1.500000e-03
 -1.917842e+02]
false positive:  [ 0.000000e+00  0.000000e+00  1.056800e+01  0.000000e+00  0.000000e+00
  5.600000e-02  0.000000e+00  0.000000e+00  0.000000e+00  0.000000e+00
  0.000000e+00  0.000000e+00  0.000000e+00  1.600000e-02  9.903000e-01
 -1.907954e+02]
Feature:  /vehicle/extracted_can/seat_belt_state/data
error rate:  [   0.996     0.992     0.944     0.992     0.9925    0.996     0.9474
    0.984     0.9583    0.996     0.9879    1.        0.9886    0.9947
    0.9866 -190.7991]
accuracy:  [ 0.000000e+00  0.000000e+00  5.600000e-02  0.000000e+00  0.000000e+00
  0.000000e+00  0.000000e+00  0.000000e+00  0.000000e+00  0.000000e+00
  0.000000e+00  0.000000e+00  0.000000e+00  0.000000e+00  5.200000e-03
 -1.917805e+02]
false positive:  [ 0.000000e+00  4.000000e-03  1.058800e+01  0.000000e+00  0.000000e+00
  0.000000e+00  0.000000e+00  0.000000e+00  0.000000e+00  0.000000e+00
  4.000000e-03  0.000000e+00  0.000000e+00  0.000000e+00  9.866000e-01
 -1.907991e+02]
Feature:  /vehicle/extracted_can/speed/data
error rate:  [   0.9558    0.9       0.804     0.876     0.9323    0.936     0.9298
    0.9       0.9375    0.8193    0.9879    0.9657    0.9773    0.9787
    0.9132 -190.8725]
accuracy:  [ 4.020000e-02  9.200000e-02  1.960000e-01  1.160000e-01  6.020000e-02
  6.000000e-02  1.750000e-02  8.400000e-02  2.080000e-02  1.767000e-01
  0.000000e+00  3.430000e-02  1.140000e-02  1.600000e-02  7.860000e-02
 -1.917071e+02]
false positive:  [ 2.088000e-01  3.960000e-01  6.344000e+00  3.520000e-01  4.060000e-01
  3.640000e-01  1.404000e-01  2.240000e-01  5.417000e-01  1.016100e+00
  1.089000e-01  3.886000e-01  2.955000e-01  9.570000e-02  9.132000e-01
 -1.908725e+02]
Feature:  /vehicle/extracted_can/steering_angle/data
error rate:  [   0.739     0.776     0.704     0.256     0.4812    0.524     0.7895
    0.664     0.9375    0.8434    0.6855    0.92      0.9091    0.8617
    0.6898 -191.0959]
accuracy:  [ 2.570000e-01  2.160000e-01  2.960000e-01  7.360000e-01  5.113000e-01
  4.720000e-01  1.579000e-01  3.200000e-01  2.080000e-02  1.526000e-01
  3.024000e-01  8.000000e-02  7.950000e-02  1.330000e-01  3.020000e-01
 -1.914837e+02]
false positive:  [   0.9357    0.628     0.88      0.236     0.4662    0.592     0.6491
    0.632     0.6875    0.8032    1.0242    0.6971    0.6705    0.5851
    0.6898 -191.0959]
Feature:  /vehicle/gnss/altitude
error rate:  [   0.9317    0.948     0.956     0.92      0.985     0.992     1.
    0.98      0.9792    0.988     0.9919    0.9543    0.9659    0.984
    0.9665 -190.8192]
accuracy:  [   0.        0.        0.        0.        0.        0.        0.
    0.        0.        0.        0.        0.        0.        0.
    0.     -191.7857]
false positive:  [   0.        0.       10.38      0.        0.        0.        0.
    0.        0.        0.        0.        0.        0.        0.
    0.9665 -190.8192]
Feature:  /vehicle/gnss/latitude
error rate:  [   0.9317    0.948     0.956     0.92      0.985     0.992     1.
    0.98      0.9792    0.988     0.9919    0.9543    0.9659    0.984
    0.9665 -190.8192]
accuracy:  [   0.        0.        0.        0.        0.        0.        0.
    0.        0.        0.        0.        0.        0.        0.
    0.     -191.7857]
false positive:  [   0.        0.       10.38      0.        0.        0.        0.
    0.        0.        0.        0.        0.        0.        0.
    0.9665 -190.8192]
Feature:  /vehicle/gnss/longitude
error rate:  [   0.9317    0.948     0.956     0.92      0.985     0.992     1.
    0.98      0.9792    0.988     0.9919    0.9543    0.9659    0.984
    0.9665 -190.8192]
accuracy:  [   0.        0.        0.        0.        0.        0.        0.
    0.        0.        0.        0.        0.        0.        0.
    0.     -191.7857]
false positive:  [   0.        0.       10.38      0.        0.        0.        0.
    0.        0.        0.        0.        0.        0.        0.
    0.9665 -190.8192]
Feature:  /vehicle/gnss/position_covariance_type
error rate:  [   0.9317    0.948     0.956     0.92      0.985     0.992     1.
    0.98      0.9792    0.988     0.9919    0.9543    0.9659    0.984
    0.9665 -190.8192]
accuracy:  [   0.        0.        0.        0.        0.        0.        0.
    0.        0.        0.        0.        0.        0.        0.
    0.     -191.7857]
false positive:  [   0.        0.       10.38      0.        0.        0.        0.
    0.        0.        0.        0.        0.        0.        0.
    0.9665 -190.8192]
Feature:  /driver/heart_rate/data
error rate:  [   0.5743    0.608     0.652     0.688     0.6692    0.576     0.7368
    0.676     0.7708    0.5783    0.7097    0.64      0.5682    0.8564
    0.6533 -191.1324]
accuracy:  [ 0.000000e+00  0.000000e+00  0.000000e+00  4.000000e-03  0.000000e+00
  8.000000e-03  0.000000e+00  8.000000e-03  0.000000e+00  0.000000e+00
  4.000000e-03  0.000000e+00  0.000000e+00  0.000000e+00  2.200000e-03
 -1.917835e+02]
false positive:  [ 8.000000e-03  0.000000e+00  6.852000e+00  3.600000e-02  2.260000e-02
  2.000000e-02  5.260000e-02  1.200000e-02  2.080000e-02  0.000000e+00
  3.630000e-02  1.710000e-02  0.000000e+00  1.600000e-02  6.533000e-01
 -1.911324e+02]
Saved files
Traceback (most recent call last):
  File "run_NN.py", line 74, in <module>
    run(test = False)
  File "run_NN.py", line 56, in run
    plot_results()
  File "run_NN.py", line 62, in plot_results
    er_fig = sns.heatmap(er).figure
  File "/work6/a_sundfjord/thesis/env/lib/python3.8/site-packages/seaborn/matrix.py", line 446, in heatmap
    plotter = _HeatMapper(data, vmin, vmax, cmap, center, robust, annot, fmt,
  File "/work6/a_sundfjord/thesis/env/lib/python3.8/site-packages/seaborn/matrix.py", line 163, in __init__
    self._determine_cmap_params(plot_data, vmin, vmax,
  File "/work6/a_sundfjord/thesis/env/lib/python3.8/site-packages/seaborn/matrix.py", line 197, in _determine_cmap_params
    calc_data = plot_data.astype(float).filled(np.nan)
ValueError: could not convert string to float: '/driver/blink/data'
