Using device: cuda
Model: MAE
Number of parameters in model:  1184137183
torch.cuda.memory_allocated: 4.419204GB
torch.cuda.memory_reserved: 4.443359GB
torch.cuda.max_memory_reserved: 4.443359GB
Start training
Time taken: 1955.78 seconds
Epoch: 9 	 Train Loss: 4016143167585443731203948544.000000	 Test Loss: 6498882320238083309568.000000
Time taken: 3894.34 seconds
Epoch: 19 	 Train Loss: 3219336667881337971686768640.000000	 Test Loss: 6476510032682578608128.000000
Time taken: 5794.98 seconds
Epoch: 29 	 Train Loss: 7729909309915044593365155840.000000	 Test Loss: 9630052018044054536192.000000
Time taken: 7674.83 seconds
Epoch: 39 	 Train Loss: 2282494524792269272277581824.000000	 Test Loss: 9312144643405629095936.000000
Time taken: 9557.39 seconds
Epoch: 49 	 Train Loss: 3327702302674138859978096640.000000	 Test Loss: 14835786473139062439936.000000
Time taken: 11432.88 seconds
Epoch: 59 	 Train Loss: 3494520697934973207268294656.000000	 Test Loss: 15193896517257423486976.000000
Time taken: 13323.49 seconds
Epoch: 69 	 Train Loss: 3624418372857325414588088320.000000	 Test Loss: 12756229316946337726464.000000
Time taken: 15221.35 seconds
Epoch: 79 	 Train Loss: 1884609857898009703057719296.000000	 Test Loss: 10535816284841858564096.000000
Time taken: 17120.41 seconds
Epoch: 89 	 Train Loss: 6213857980607447981596082176.000000	 Test Loss: 10596511032376695980032.000000
Time taken: 19008.00 seconds
Epoch: 99 	 Train Loss: 2919244162979837144828215296.000000	 Test Loss: 8357121496301537591296.000000
Time taken: 20905.27 seconds
Epoch: 109 	 Train Loss: 2151250499087704956761800704.000000	 Test Loss: 15108235025625424855040.000000
Time taken: 22815.42 seconds
Epoch: 119 	 Train Loss: 7027515533978325841176690688.000000	 Test Loss: 6072809241062371491840.000000
Time taken: 24717.06 seconds
Epoch: 129 	 Train Loss: 4573127385029695416035180544.000000	 Test Loss: 18080319523298924822528.000000
Time taken: 26605.68 seconds
Epoch: 139 	 Train Loss: 7780851133836635122566168576.000000	 Test Loss: 12410827479400893644800.000000
Time taken: 28518.34 seconds
Epoch: 149 	 Train Loss: 5430930116328876505401655296.000000	 Test Loss: 10042182406999120019456.000000
Finished training
Time taken: 28518.34 seconds
Best test loss: 4607769275082853056512.000000 at epoch: 146
Timeseries loss: 5492.132204861111, Video loss: 134683.90833333333, at epoch: 146
