
Start risk score fine-tuning
Epoch: 4 	 Train Loss: 1.109822	 Test Loss: 0.840581
Epoch: 9 	 Train Loss: 0.892908	 Test Loss: 0.836223
Epoch: 14 	 Train Loss: 1.093664	 Test Loss: 0.873638
Epoch: 19 	 Train Loss: 1.058065	 Test Loss: 1.562750
Epoch: 24 	 Train Loss: 0.846173	 Test Loss: 0.861812
Epoch: 29 	 Train Loss: 0.299300	 Test Loss: 0.196055
Epoch: 34 	 Train Loss: 0.117970	 Test Loss: 0.102451
Epoch: 39 	 Train Loss: 0.024922	 Test Loss: 0.027105
Epoch: 44 	 Train Loss: 0.015914	 Test Loss: 0.016817
Epoch: 49 	 Train Loss: 0.017331	 Test Loss: 0.017400
Epoch: 54 	 Train Loss: 0.014422	 Test Loss: 0.014806
Epoch: 59 	 Train Loss: 0.012083	 Test Loss: 0.012412
Epoch: 64 	 Train Loss: 0.010418	 Test Loss: 0.011148
Epoch: 69 	 Train Loss: 0.010003	 Test Loss: 0.010781
Epoch: 74 	 Train Loss: 0.009825	 Test Loss: 0.010639
Epoch: 79 	 Train Loss: 0.009662	 Test Loss: 0.010423
Finished training VideoBERT for risk score prediction
Best test loss: 0.010423 at epoch: 79
Start evaluation

Evaluation of fine-tuned VideoBERT model

MAPE Score: 1.1274992227554321
