Latent dimension: 64, Hidden dimension 512, Split size 4
Started: TimeBERT_reduced_parameters, Augmented run
Using device: cuda
Model: TimeBERT
Number of parameters in model:  36943186
torch.cuda.memory_allocated: 0.138609GB
torch.cuda.memory_reserved: 0.150391GB
torch.cuda.max_memory_reserved: 0.150391GB
Start training
Time taken: 467.15 seconds
Epoch: 9 	 Train Loss: 45343.257142	 Test Loss: 43315.561555
Time taken: 887.60 seconds
Epoch: 19 	 Train Loss: 45234.189331	 Test Loss: 42575.575637
Time taken: 1298.23 seconds
Epoch: 29 	 Train Loss: 45083.364145	 Test Loss: 42319.437770
Time taken: 1700.70 seconds
Epoch: 39 	 Train Loss: 45063.709976	 Test Loss: 42273.846817
Time taken: 2101.90 seconds
Epoch: 49 	 Train Loss: 45027.963206	 Test Loss: 42251.808796
Time taken: 2602.00 seconds
Epoch: 59 	 Train Loss: 45027.266532	 Test Loss: 42263.113040
