Latent dimension: 64, Hidden dimension 512, Split size 4
Started: MidMVAE_reduced_lambda, Augmented run
Using device: cuda
Model: MidMVAE
Number of parameters in model:  143827141
torch.cuda.memory_allocated: 0.535810GB
torch.cuda.memory_reserved: 0.542969GB
torch.cuda.max_memory_reserved: 0.542969GB
Start training
Time taken: 1592.79 seconds
Epoch: 9 	 Train Loss: 279280.459776	 Test Loss: 279465.030247
Time taken: 3166.47 seconds
Epoch: 19 	 Train Loss: 227817.347629	 Test Loss: 215606.580247
Time taken: 4713.05 seconds
Epoch: 29 	 Train Loss: 214822.286894	 Test Loss: 227744.951698
Time taken: 6716.48 seconds
Epoch: 39 	 Train Loss: 208162.579382	 Test Loss: 216923.788117
Time taken: 10026.65 seconds
Epoch: 49 	 Train Loss: 204725.627997	 Test Loss: 220179.353704
Time taken: 13727.03 seconds
Epoch: 59 	 Train Loss: 202725.299680	 Test Loss: 213147.995525
slurmstepd: error: *** JOB 5600418 ON tuatara CANCELLED AT 2023-05-31T09:23:42 ***
